Started GET "/" for ::1 at 2019-05-04 12:24:13 -0300
Processing by Rails::WelcomeController#index as HTML
  Rendering /Library/Ruby/Gems/2.3.0/gems/railties-5.2.3/lib/rails/templates/rails/welcome/index.html.erb
  Rendered /Library/Ruby/Gems/2.3.0/gems/railties-5.2.3/lib/rails/templates/rails/welcome/index.html.erb (6.2ms)
Completed 200 OK in 45ms (Views: 16.3ms | ActiveRecord: 0.0ms)


Started GET "/" for ::1 at 2019-05-05 15:12:25 -0300
Processing by Rails::WelcomeController#index as HTML
  Rendering /Users/daniel/.rvm/gems/ruby-2.3.7/gems/railties-5.2.3/lib/rails/templates/rails/welcome/index.html.erb
  Rendered /Users/daniel/.rvm/gems/ruby-2.3.7/gems/railties-5.2.3/lib/rails/templates/rails/welcome/index.html.erb (7.8ms)
Completed 200 OK in 35ms (Views: 18.8ms | ActiveRecord: 0.0ms)


Started GET "/" for ::1 at 2019-05-05 15:12:38 -0300
Processing by Rails::WelcomeController#index as HTML
  Rendering /Users/daniel/.rvm/gems/ruby-2.3.7/gems/railties-5.2.3/lib/rails/templates/rails/welcome/index.html.erb
  Rendered /Users/daniel/.rvm/gems/ruby-2.3.7/gems/railties-5.2.3/lib/rails/templates/rails/welcome/index.html.erb (3.2ms)
Completed 200 OK in 10ms (Views: 6.2ms | ActiveRecord: 0.0ms)


Started GET "/agency-jekyll-theme-gh-pages" for ::1 at 2019-05-05 15:12:40 -0300
  
ActionController::RoutingError (No route matches [GET] "/agency-jekyll-theme-gh-pages"):
  
actionpack (5.2.3) lib/action_dispatch/middleware/debug_exceptions.rb:65:in `call'
web-console (3.7.0) lib/web_console/middleware.rb:135:in `call_app'
web-console (3.7.0) lib/web_console/middleware.rb:30:in `block in call'
web-console (3.7.0) lib/web_console/middleware.rb:20:in `catch'
web-console (3.7.0) lib/web_console/middleware.rb:20:in `call'
actionpack (5.2.3) lib/action_dispatch/middleware/show_exceptions.rb:33:in `call'
railties (5.2.3) lib/rails/rack/logger.rb:38:in `call_app'
railties (5.2.3) lib/rails/rack/logger.rb:26:in `block in call'
activesupport (5.2.3) lib/active_support/tagged_logging.rb:71:in `block in tagged'
activesupport (5.2.3) lib/active_support/tagged_logging.rb:28:in `tagged'
activesupport (5.2.3) lib/active_support/tagged_logging.rb:71:in `tagged'
railties (5.2.3) lib/rails/rack/logger.rb:26:in `call'
sprockets-rails (3.2.1) lib/sprockets/rails/quiet_assets.rb:13:in `call'
actionpack (5.2.3) lib/action_dispatch/middleware/remote_ip.rb:81:in `call'
actionpack (5.2.3) lib/action_dispatch/middleware/request_id.rb:27:in `call'
rack (2.0.7) lib/rack/method_override.rb:22:in `call'
rack (2.0.7) lib/rack/runtime.rb:22:in `call'
activesupport (5.2.3) lib/active_support/cache/strategy/local_cache_middleware.rb:29:in `call'
actionpack (5.2.3) lib/action_dispatch/middleware/executor.rb:14:in `call'
actionpack (5.2.3) lib/action_dispatch/middleware/static.rb:127:in `call'
rack (2.0.7) lib/rack/sendfile.rb:111:in `call'
railties (5.2.3) lib/rails/engine.rb:524:in `call'
puma (3.12.1) lib/puma/configuration.rb:227:in `call'
puma (3.12.1) lib/puma/server.rb:660:in `handle_request'
puma (3.12.1) lib/puma/server.rb:474:in `process_client'
puma (3.12.1) lib/puma/server.rb:334:in `block in run'
puma (3.12.1) lib/puma/thread_pool.rb:135:in `block in spawn_thread'
Started GET "/agency-jekyll-theme-gh-pages/index" for ::1 at 2019-05-05 15:12:56 -0300
  
ActionController::RoutingError (No route matches [GET] "/agency-jekyll-theme-gh-pages/index"):
  
actionpack (5.2.3) lib/action_dispatch/middleware/debug_exceptions.rb:65:in `call'
web-console (3.7.0) lib/web_console/middleware.rb:135:in `call_app'
web-console (3.7.0) lib/web_console/middleware.rb:30:in `block in call'
web-console (3.7.0) lib/web_console/middleware.rb:20:in `catch'
web-console (3.7.0) lib/web_console/middleware.rb:20:in `call'
actionpack (5.2.3) lib/action_dispatch/middleware/show_exceptions.rb:33:in `call'
railties (5.2.3) lib/rails/rack/logger.rb:38:in `call_app'
railties (5.2.3) lib/rails/rack/logger.rb:26:in `block in call'
activesupport (5.2.3) lib/active_support/tagged_logging.rb:71:in `block in tagged'
activesupport (5.2.3) lib/active_support/tagged_logging.rb:28:in `tagged'
activesupport (5.2.3) lib/active_support/tagged_logging.rb:71:in `tagged'
railties (5.2.3) lib/rails/rack/logger.rb:26:in `call'
sprockets-rails (3.2.1) lib/sprockets/rails/quiet_assets.rb:13:in `call'
actionpack (5.2.3) lib/action_dispatch/middleware/remote_ip.rb:81:in `call'
actionpack (5.2.3) lib/action_dispatch/middleware/request_id.rb:27:in `call'
rack (2.0.7) lib/rack/method_override.rb:22:in `call'
rack (2.0.7) lib/rack/runtime.rb:22:in `call'
activesupport (5.2.3) lib/active_support/cache/strategy/local_cache_middleware.rb:29:in `call'
actionpack (5.2.3) lib/action_dispatch/middleware/executor.rb:14:in `call'
actionpack (5.2.3) lib/action_dispatch/middleware/static.rb:127:in `call'
rack (2.0.7) lib/rack/sendfile.rb:111:in `call'
railties (5.2.3) lib/rails/engine.rb:524:in `call'
puma (3.12.1) lib/puma/configuration.rb:227:in `call'
puma (3.12.1) lib/puma/server.rb:660:in `handle_request'
puma (3.12.1) lib/puma/server.rb:474:in `process_client'
puma (3.12.1) lib/puma/server.rb:334:in `block in run'
puma (3.12.1) lib/puma/thread_pool.rb:135:in `block in spawn_thread'
Started GET "/agency-jekyll-theme-gh-pages/index.html" for ::1 at 2019-05-05 15:13:01 -0300
  
ActionController::RoutingError (No route matches [GET] "/agency-jekyll-theme-gh-pages/index.html"):
  
actionpack (5.2.3) lib/action_dispatch/middleware/debug_exceptions.rb:65:in `call'
web-console (3.7.0) lib/web_console/middleware.rb:135:in `call_app'
web-console (3.7.0) lib/web_console/middleware.rb:30:in `block in call'
web-console (3.7.0) lib/web_console/middleware.rb:20:in `catch'
web-console (3.7.0) lib/web_console/middleware.rb:20:in `call'
actionpack (5.2.3) lib/action_dispatch/middleware/show_exceptions.rb:33:in `call'
railties (5.2.3) lib/rails/rack/logger.rb:38:in `call_app'
railties (5.2.3) lib/rails/rack/logger.rb:26:in `block in call'
activesupport (5.2.3) lib/active_support/tagged_logging.rb:71:in `block in tagged'
activesupport (5.2.3) lib/active_support/tagged_logging.rb:28:in `tagged'
activesupport (5.2.3) lib/active_support/tagged_logging.rb:71:in `tagged'
railties (5.2.3) lib/rails/rack/logger.rb:26:in `call'
sprockets-rails (3.2.1) lib/sprockets/rails/quiet_assets.rb:13:in `call'
actionpack (5.2.3) lib/action_dispatch/middleware/remote_ip.rb:81:in `call'
actionpack (5.2.3) lib/action_dispatch/middleware/request_id.rb:27:in `call'
rack (2.0.7) lib/rack/method_override.rb:22:in `call'
rack (2.0.7) lib/rack/runtime.rb:22:in `call'
activesupport (5.2.3) lib/active_support/cache/strategy/local_cache_middleware.rb:29:in `call'
actionpack (5.2.3) lib/action_dispatch/middleware/executor.rb:14:in `call'
actionpack (5.2.3) lib/action_dispatch/middleware/static.rb:127:in `call'
rack (2.0.7) lib/rack/sendfile.rb:111:in `call'
railties (5.2.3) lib/rails/engine.rb:524:in `call'
puma (3.12.1) lib/puma/configuration.rb:227:in `call'
puma (3.12.1) lib/puma/server.rb:660:in `handle_request'
puma (3.12.1) lib/puma/server.rb:474:in `process_client'
puma (3.12.1) lib/puma/server.rb:334:in `block in run'
puma (3.12.1) lib/puma/thread_pool.rb:135:in `block in spawn_thread'
Started GET "/%7B%7B%20post.url%20|%20prepend:%20site.baseurl%20%7D%7D" for ::1 at 2019-05-05 15:22:29 -0300
  
ActionController::RoutingError (No route matches [GET] "/%7B%7B%20post.url%20|%20prepend:%20site.baseurl%20%7D%7D"):
  
actionpack (5.2.3) lib/action_dispatch/middleware/debug_exceptions.rb:65:in `call'
web-console (3.7.0) lib/web_console/middleware.rb:135:in `call_app'
web-console (3.7.0) lib/web_console/middleware.rb:30:in `block in call'
web-console (3.7.0) lib/web_console/middleware.rb:20:in `catch'
web-console (3.7.0) lib/web_console/middleware.rb:20:in `call'
actionpack (5.2.3) lib/action_dispatch/middleware/show_exceptions.rb:33:in `call'
railties (5.2.3) lib/rails/rack/logger.rb:38:in `call_app'
railties (5.2.3) lib/rails/rack/logger.rb:26:in `block in call'
activesupport (5.2.3) lib/active_support/tagged_logging.rb:71:in `block in tagged'
activesupport (5.2.3) lib/active_support/tagged_logging.rb:28:in `tagged'
activesupport (5.2.3) lib/active_support/tagged_logging.rb:71:in `tagged'
railties (5.2.3) lib/rails/rack/logger.rb:26:in `call'
sprockets-rails (3.2.1) lib/sprockets/rails/quiet_assets.rb:13:in `call'
actionpack (5.2.3) lib/action_dispatch/middleware/remote_ip.rb:81:in `call'
actionpack (5.2.3) lib/action_dispatch/middleware/request_id.rb:27:in `call'
rack (2.0.7) lib/rack/method_override.rb:22:in `call'
rack (2.0.7) lib/rack/runtime.rb:22:in `call'
activesupport (5.2.3) lib/active_support/cache/strategy/local_cache_middleware.rb:29:in `call'
actionpack (5.2.3) lib/action_dispatch/middleware/executor.rb:14:in `call'
actionpack (5.2.3) lib/action_dispatch/middleware/static.rb:127:in `call'
rack (2.0.7) lib/rack/sendfile.rb:111:in `call'
railties (5.2.3) lib/rails/engine.rb:524:in `call'
puma (3.12.1) lib/puma/configuration.rb:227:in `call'
puma (3.12.1) lib/puma/server.rb:660:in `handle_request'
puma (3.12.1) lib/puma/server.rb:474:in `process_client'
puma (3.12.1) lib/puma/server.rb:334:in `block in run'
puma (3.12.1) lib/puma/thread_pool.rb:135:in `block in spawn_thread'
Started GET "/" for ::1 at 2019-05-05 15:29:57 -0300
Processing by Rails::WelcomeController#index as HTML
  Rendering /Users/daniel/.rvm/gems/ruby-2.3.7/gems/railties-5.2.3/lib/rails/templates/rails/welcome/index.html.erb
  Rendered /Users/daniel/.rvm/gems/ruby-2.3.7/gems/railties-5.2.3/lib/rails/templates/rails/welcome/index.html.erb (3.8ms)
Completed 200 OK in 21ms (Views: 9.4ms | ActiveRecord: 0.0ms)


Started GET "/onepage" for ::1 at 2019-05-05 15:35:37 -0300
  
ActionController::RoutingError (No route matches [GET] "/onepage"):
  
actionpack (5.2.3) lib/action_dispatch/middleware/debug_exceptions.rb:65:in `call'
web-console (3.7.0) lib/web_console/middleware.rb:135:in `call_app'
web-console (3.7.0) lib/web_console/middleware.rb:30:in `block in call'
web-console (3.7.0) lib/web_console/middleware.rb:20:in `catch'
web-console (3.7.0) lib/web_console/middleware.rb:20:in `call'
actionpack (5.2.3) lib/action_dispatch/middleware/show_exceptions.rb:33:in `call'
railties (5.2.3) lib/rails/rack/logger.rb:38:in `call_app'
railties (5.2.3) lib/rails/rack/logger.rb:26:in `block in call'
activesupport (5.2.3) lib/active_support/tagged_logging.rb:71:in `block in tagged'
activesupport (5.2.3) lib/active_support/tagged_logging.rb:28:in `tagged'
activesupport (5.2.3) lib/active_support/tagged_logging.rb:71:in `tagged'
railties (5.2.3) lib/rails/rack/logger.rb:26:in `call'
sprockets-rails (3.2.1) lib/sprockets/rails/quiet_assets.rb:13:in `call'
actionpack (5.2.3) lib/action_dispatch/middleware/remote_ip.rb:81:in `call'
actionpack (5.2.3) lib/action_dispatch/middleware/request_id.rb:27:in `call'
rack (2.0.7) lib/rack/method_override.rb:22:in `call'
rack (2.0.7) lib/rack/runtime.rb:22:in `call'
activesupport (5.2.3) lib/active_support/cache/strategy/local_cache_middleware.rb:29:in `call'
actionpack (5.2.3) lib/action_dispatch/middleware/executor.rb:14:in `call'
actionpack (5.2.3) lib/action_dispatch/middleware/static.rb:127:in `call'
rack (2.0.7) lib/rack/sendfile.rb:111:in `call'
railties (5.2.3) lib/rails/engine.rb:524:in `call'
puma (3.12.1) lib/puma/configuration.rb:227:in `call'
puma (3.12.1) lib/puma/server.rb:660:in `handle_request'
puma (3.12.1) lib/puma/server.rb:474:in `process_client'
puma (3.12.1) lib/puma/server.rb:334:in `block in run'
puma (3.12.1) lib/puma/thread_pool.rb:135:in `block in spawn_thread'
Started GET "/" for ::1 at 2019-05-05 15:35:41 -0300
Processing by Rails::WelcomeController#index as HTML
  Rendering /Users/daniel/.rvm/gems/ruby-2.3.7/gems/railties-5.2.3/lib/rails/templates/rails/welcome/index.html.erb
  Rendered /Users/daniel/.rvm/gems/ruby-2.3.7/gems/railties-5.2.3/lib/rails/templates/rails/welcome/index.html.erb (3.3ms)
Completed 200 OK in 11ms (Views: 7.4ms | ActiveRecord: 0.0ms)


Started GET "/" for ::1 at 2019-05-05 15:35:41 -0300
Processing by Rails::WelcomeController#index as HTML
  Rendering /Users/daniel/.rvm/gems/ruby-2.3.7/gems/railties-5.2.3/lib/rails/templates/rails/welcome/index.html.erb
  Rendered /Users/daniel/.rvm/gems/ruby-2.3.7/gems/railties-5.2.3/lib/rails/templates/rails/welcome/index.html.erb (3.0ms)
Completed 200 OK in 19ms (Views: 15.4ms | ActiveRecord: 0.0ms)


Processing by Rails::WelcomeController#index as HTML
  Rendering /Users/daniel/.rvm/gems/ruby-2.3.7/gems/railties-5.2.3/lib/rails/templates/rails/welcome/index.html.erb
  Rendered /Users/daniel/.rvm/gems/ruby-2.3.7/gems/railties-5.2.3/lib/rails/templates/rails/welcome/index.html.erb (6.3ms)
Completed 200 OK in 35ms (Views: 15.4ms | ActiveRecord: 0.0ms)


Processing by Rails::WelcomeController#index as HTML
  Rendering /Users/daniel/.rvm/gems/ruby-2.3.7/gems/railties-5.2.3/lib/rails/templates/rails/welcome/index.html.erb
  Rendered /Users/daniel/.rvm/gems/ruby-2.3.7/gems/railties-5.2.3/lib/rails/templates/rails/welcome/index.html.erb (3.0ms)
Completed 200 OK in 9ms (Views: 5.7ms | ActiveRecord: 0.0ms)


  Rendering /Users/daniel/.rvm/gems/ruby-2.3.7/gems/web-console-3.7.0/lib/web_console/templates/index.html.erb
  Rendered /Users/daniel/.rvm/gems/ruby-2.3.7/gems/web-console-3.7.0/lib/web_console/templates/_markup.html.erb (0.5ms)
  Rendering /Users/daniel/.rvm/gems/ruby-2.3.7/gems/web-console-3.7.0/lib/web_console/templates/console.js.erb within layouts/javascript
  Rendering /Users/daniel/.rvm/gems/ruby-2.3.7/gems/web-console-3.7.0/lib/web_console/templates/_inner_console_markup.html.erb within layouts/inlined_string
  Rendered /Users/daniel/.rvm/gems/ruby-2.3.7/gems/web-console-3.7.0/lib/web_console/templates/_inner_console_markup.html.erb within layouts/inlined_string (0.3ms)
  Rendering /Users/daniel/.rvm/gems/ruby-2.3.7/gems/web-console-3.7.0/lib/web_console/templates/_prompt_box_markup.html.erb within layouts/inlined_string
  Rendered /Users/daniel/.rvm/gems/ruby-2.3.7/gems/web-console-3.7.0/lib/web_console/templates/_prompt_box_markup.html.erb within layouts/inlined_string (0.3ms)
  Rendering /Users/daniel/.rvm/gems/ruby-2.3.7/gems/web-console-3.7.0/lib/web_console/templates/style.css.erb within layouts/inlined_string
  Rendered /Users/daniel/.rvm/gems/ruby-2.3.7/gems/web-console-3.7.0/lib/web_console/templates/style.css.erb within layouts/inlined_string (0.5ms)
  Rendered /Users/daniel/.rvm/gems/ruby-2.3.7/gems/web-console-3.7.0/lib/web_console/templates/console.js.erb within layouts/javascript (128.1ms)
  Rendering /Users/daniel/.rvm/gems/ruby-2.3.7/gems/web-console-3.7.0/lib/web_console/templates/main.js.erb within layouts/javascript
  Rendered /Users/daniel/.rvm/gems/ruby-2.3.7/gems/web-console-3.7.0/lib/web_console/templates/main.js.erb within layouts/javascript (0.3ms)
  Rendering /Users/daniel/.rvm/gems/ruby-2.3.7/gems/web-console-3.7.0/lib/web_console/templates/error_page.js.erb within layouts/javascript
  Rendered /Users/daniel/.rvm/gems/ruby-2.3.7/gems/web-console-3.7.0/lib/web_console/templates/error_page.js.erb within layouts/javascript (0.6ms)
  Rendered /Users/daniel/.rvm/gems/ruby-2.3.7/gems/web-console-3.7.0/lib/web_console/templates/index.html.erb (293.5ms)
  Rendering /Users/daniel/.rvm/gems/ruby-2.3.7/gems/web-console-3.7.0/lib/web_console/templates/index.html.erb
  Rendered /Users/daniel/.rvm/gems/ruby-2.3.7/gems/web-console-3.7.0/lib/web_console/templates/_markup.html.erb (0.5ms)
  Rendering /Users/daniel/.rvm/gems/ruby-2.3.7/gems/web-console-3.7.0/lib/web_console/templates/console.js.erb within layouts/javascript
  Rendering /Users/daniel/.rvm/gems/ruby-2.3.7/gems/web-console-3.7.0/lib/web_console/templates/_inner_console_markup.html.erb within layouts/inlined_string
  Rendered /Users/daniel/.rvm/gems/ruby-2.3.7/gems/web-console-3.7.0/lib/web_console/templates/_inner_console_markup.html.erb within layouts/inlined_string (0.3ms)
  Rendering /Users/daniel/.rvm/gems/ruby-2.3.7/gems/web-console-3.7.0/lib/web_console/templates/_prompt_box_markup.html.erb within layouts/inlined_string
  Rendered /Users/daniel/.rvm/gems/ruby-2.3.7/gems/web-console-3.7.0/lib/web_console/templates/_prompt_box_markup.html.erb within layouts/inlined_string (0.3ms)
  Rendering /Users/daniel/.rvm/gems/ruby-2.3.7/gems/web-console-3.7.0/lib/web_console/templates/style.css.erb within layouts/inlined_string
  Rendered /Users/daniel/.rvm/gems/ruby-2.3.7/gems/web-console-3.7.0/lib/web_console/templates/style.css.erb within layouts/inlined_string (0.3ms)
  Rendered /Users/daniel/.rvm/gems/ruby-2.3.7/gems/web-console-3.7.0/lib/web_console/templates/console.js.erb within layouts/javascript (102.8ms)
  Rendering /Users/daniel/.rvm/gems/ruby-2.3.7/gems/web-console-3.7.0/lib/web_console/templates/main.js.erb within layouts/javascript
  Rendered /Users/daniel/.rvm/gems/ruby-2.3.7/gems/web-console-3.7.0/lib/web_console/templates/main.js.erb within layouts/javascript (0.3ms)
  Rendering /Users/daniel/.rvm/gems/ruby-2.3.7/gems/web-console-3.7.0/lib/web_console/templates/error_page.js.erb within layouts/javascript
  Rendered /Users/daniel/.rvm/gems/ruby-2.3.7/gems/web-console-3.7.0/lib/web_console/templates/error_page.js.erb within layouts/javascript (0.4ms)
  Rendered /Users/daniel/.rvm/gems/ruby-2.3.7/gems/web-console-3.7.0/lib/web_console/templates/index.html.erb (235.2ms)
  Rendering /Users/daniel/.rvm/gems/ruby-2.3.7/gems/web-console-3.7.0/lib/web_console/templates/index.html.erb
  Rendered /Users/daniel/.rvm/gems/ruby-2.3.7/gems/web-console-3.7.0/lib/web_console/templates/_markup.html.erb (0.4ms)
  Rendering /Users/daniel/.rvm/gems/ruby-2.3.7/gems/web-console-3.7.0/lib/web_console/templates/console.js.erb within layouts/javascript
  Rendering /Users/daniel/.rvm/gems/ruby-2.3.7/gems/web-console-3.7.0/lib/web_console/templates/_inner_console_markup.html.erb within layouts/inlined_string
  Rendered /Users/daniel/.rvm/gems/ruby-2.3.7/gems/web-console-3.7.0/lib/web_console/templates/_inner_console_markup.html.erb within layouts/inlined_string (0.3ms)
  Rendering /Users/daniel/.rvm/gems/ruby-2.3.7/gems/web-console-3.7.0/lib/web_console/templates/_prompt_box_markup.html.erb within layouts/inlined_string
  Rendered /Users/daniel/.rvm/gems/ruby-2.3.7/gems/web-console-3.7.0/lib/web_console/templates/_prompt_box_markup.html.erb within layouts/inlined_string (0.3ms)
  Rendering /Users/daniel/.rvm/gems/ruby-2.3.7/gems/web-console-3.7.0/lib/web_console/templates/style.css.erb within layouts/inlined_string
  Rendered /Users/daniel/.rvm/gems/ruby-2.3.7/gems/web-console-3.7.0/lib/web_console/templates/style.css.erb within layouts/inlined_string (0.3ms)
  Rendered /Users/daniel/.rvm/gems/ruby-2.3.7/gems/web-console-3.7.0/lib/web_console/templates/console.js.erb within layouts/javascript (103.3ms)
  Rendering /Users/daniel/.rvm/gems/ruby-2.3.7/gems/web-console-3.7.0/lib/web_console/templates/main.js.erb within layouts/javascript
  Rendered /Users/daniel/.rvm/gems/ruby-2.3.7/gems/web-console-3.7.0/lib/web_console/templates/main.js.erb within layouts/javascript (0.3ms)
  Rendering /Users/daniel/.rvm/gems/ruby-2.3.7/gems/web-console-3.7.0/lib/web_console/templates/error_page.js.erb within layouts/javascript
  Rendered /Users/daniel/.rvm/gems/ruby-2.3.7/gems/web-console-3.7.0/lib/web_console/templates/error_page.js.erb within layouts/javascript (0.4ms)
  Rendered /Users/daniel/.rvm/gems/ruby-2.3.7/gems/web-console-3.7.0/lib/web_console/templates/index.html.erb (236.1ms)
  Rendering /Users/daniel/.rvm/gems/ruby-2.3.7/gems/web-console-3.7.0/lib/web_console/templates/index.html.erb
  Rendered /Users/daniel/.rvm/gems/ruby-2.3.7/gems/web-console-3.7.0/lib/web_console/templates/_markup.html.erb (0.4ms)
  Rendering /Users/daniel/.rvm/gems/ruby-2.3.7/gems/web-console-3.7.0/lib/web_console/templates/console.js.erb within layouts/javascript
  Rendering /Users/daniel/.rvm/gems/ruby-2.3.7/gems/web-console-3.7.0/lib/web_console/templates/_inner_console_markup.html.erb within layouts/inlined_string
  Rendered /Users/daniel/.rvm/gems/ruby-2.3.7/gems/web-console-3.7.0/lib/web_console/templates/_inner_console_markup.html.erb within layouts/inlined_string (0.5ms)
  Rendering /Users/daniel/.rvm/gems/ruby-2.3.7/gems/web-console-3.7.0/lib/web_console/templates/_prompt_box_markup.html.erb within layouts/inlined_string
  Rendered /Users/daniel/.rvm/gems/ruby-2.3.7/gems/web-console-3.7.0/lib/web_console/templates/_prompt_box_markup.html.erb within layouts/inlined_string (0.3ms)
  Rendering /Users/daniel/.rvm/gems/ruby-2.3.7/gems/web-console-3.7.0/lib/web_console/templates/style.css.erb within layouts/inlined_string
  Rendered /Users/daniel/.rvm/gems/ruby-2.3.7/gems/web-console-3.7.0/lib/web_console/templates/style.css.erb within layouts/inlined_string (0.4ms)
  Rendered /Users/daniel/.rvm/gems/ruby-2.3.7/gems/web-console-3.7.0/lib/web_console/templates/console.js.erb within layouts/javascript (119.9ms)
  Rendering /Users/daniel/.rvm/gems/ruby-2.3.7/gems/web-console-3.7.0/lib/web_console/templates/main.js.erb within layouts/javascript
  Rendered /Users/daniel/.rvm/gems/ruby-2.3.7/gems/web-console-3.7.0/lib/web_console/templates/main.js.erb within layouts/javascript (0.3ms)
  Rendering /Users/daniel/.rvm/gems/ruby-2.3.7/gems/web-console-3.7.0/lib/web_console/templates/error_page.js.erb within layouts/javascript
  Rendered /Users/daniel/.rvm/gems/ruby-2.3.7/gems/web-console-3.7.0/lib/web_console/templates/error_page.js.erb within layouts/javascript (0.4ms)
  Rendered /Users/daniel/.rvm/gems/ruby-2.3.7/gems/web-console-3.7.0/lib/web_console/templates/index.html.erb (257.3ms)
Processing by Rails::WelcomeController#index as HTML
  Rendering /Users/daniel/.rvm/gems/ruby-2.3.7/gems/railties-5.2.3/lib/rails/templates/rails/welcome/index.html.erb
  Rendered /Users/daniel/.rvm/gems/ruby-2.3.7/gems/railties-5.2.3/lib/rails/templates/rails/welcome/index.html.erb (4.9ms)
Completed 200 OK in 30ms (Views: 16.2ms | ActiveRecord: 0.0ms)


Processing by Rails::WelcomeController#index as HTML
  Rendering /Users/daniel/.rvm/gems/ruby-2.3.7/gems/railties-5.2.3/lib/rails/templates/rails/welcome/index.html.erb
  Rendered /Users/daniel/.rvm/gems/ruby-2.3.7/gems/railties-5.2.3/lib/rails/templates/rails/welcome/index.html.erb (3.8ms)
Completed 200 OK in 10ms (Views: 6.7ms | ActiveRecord: 0.0ms)


  Rendering /Users/daniel/.rvm/gems/ruby-2.3.7/gems/web-console-3.7.0/lib/web_console/templates/index.html.erb
  Rendered /Users/daniel/.rvm/gems/ruby-2.3.7/gems/web-console-3.7.0/lib/web_console/templates/_markup.html.erb (0.5ms)
  Rendering /Users/daniel/.rvm/gems/ruby-2.3.7/gems/web-console-3.7.0/lib/web_console/templates/console.js.erb within layouts/javascript
  Rendering /Users/daniel/.rvm/gems/ruby-2.3.7/gems/web-console-3.7.0/lib/web_console/templates/_inner_console_markup.html.erb within layouts/inlined_string
  Rendered /Users/daniel/.rvm/gems/ruby-2.3.7/gems/web-console-3.7.0/lib/web_console/templates/_inner_console_markup.html.erb within layouts/inlined_string (0.4ms)
  Rendering /Users/daniel/.rvm/gems/ruby-2.3.7/gems/web-console-3.7.0/lib/web_console/templates/_prompt_box_markup.html.erb within layouts/inlined_string
  Rendered /Users/daniel/.rvm/gems/ruby-2.3.7/gems/web-console-3.7.0/lib/web_console/templates/_prompt_box_markup.html.erb within layouts/inlined_string (0.3ms)
  Rendering /Users/daniel/.rvm/gems/ruby-2.3.7/gems/web-console-3.7.0/lib/web_console/templates/style.css.erb within layouts/inlined_string
  Rendered /Users/daniel/.rvm/gems/ruby-2.3.7/gems/web-console-3.7.0/lib/web_console/templates/style.css.erb within layouts/inlined_string (0.5ms)
  Rendered /Users/daniel/.rvm/gems/ruby-2.3.7/gems/web-console-3.7.0/lib/web_console/templates/console.js.erb within layouts/javascript (114.2ms)
  Rendering /Users/daniel/.rvm/gems/ruby-2.3.7/gems/web-console-3.7.0/lib/web_console/templates/main.js.erb within layouts/javascript
  Rendered /Users/daniel/.rvm/gems/ruby-2.3.7/gems/web-console-3.7.0/lib/web_console/templates/main.js.erb within layouts/javascript (0.3ms)
  Rendering /Users/daniel/.rvm/gems/ruby-2.3.7/gems/web-console-3.7.0/lib/web_console/templates/error_page.js.erb within layouts/javascript
  Rendered /Users/daniel/.rvm/gems/ruby-2.3.7/gems/web-console-3.7.0/lib/web_console/templates/error_page.js.erb within layouts/javascript (0.4ms)
  Rendered /Users/daniel/.rvm/gems/ruby-2.3.7/gems/web-console-3.7.0/lib/web_console/templates/index.html.erb (259.8ms)
Processing by Rails::WelcomeController#index as HTML
  Rendering /Users/daniel/.rvm/gems/ruby-2.3.7/gems/railties-5.2.3/lib/rails/templates/rails/welcome/index.html.erb
  Rendered /Users/daniel/.rvm/gems/ruby-2.3.7/gems/railties-5.2.3/lib/rails/templates/rails/welcome/index.html.erb (5.5ms)
Completed 200 OK in 43ms (Views: 17.8ms | ActiveRecord: 0.0ms)


Processing by Rails::WelcomeController#index as HTML
  Rendering /Users/daniel/.rvm/gems/ruby-2.3.7/gems/railties-5.2.3/lib/rails/templates/rails/welcome/index.html.erb
  Rendered /Users/daniel/.rvm/gems/ruby-2.3.7/gems/railties-5.2.3/lib/rails/templates/rails/welcome/index.html.erb (2.9ms)
Completed 200 OK in 9ms (Views: 5.9ms | ActiveRecord: 0.0ms)


  Rendering /Users/daniel/.rvm/gems/ruby-2.3.7/gems/web-console-3.7.0/lib/web_console/templates/index.html.erb
  Rendered /Users/daniel/.rvm/gems/ruby-2.3.7/gems/web-console-3.7.0/lib/web_console/templates/_markup.html.erb (0.8ms)
  Rendering /Users/daniel/.rvm/gems/ruby-2.3.7/gems/web-console-3.7.0/lib/web_console/templates/console.js.erb within layouts/javascript
  Rendering /Users/daniel/.rvm/gems/ruby-2.3.7/gems/web-console-3.7.0/lib/web_console/templates/_inner_console_markup.html.erb within layouts/inlined_string
  Rendered /Users/daniel/.rvm/gems/ruby-2.3.7/gems/web-console-3.7.0/lib/web_console/templates/_inner_console_markup.html.erb within layouts/inlined_string (0.5ms)
  Rendering /Users/daniel/.rvm/gems/ruby-2.3.7/gems/web-console-3.7.0/lib/web_console/templates/_prompt_box_markup.html.erb within layouts/inlined_string
  Rendered /Users/daniel/.rvm/gems/ruby-2.3.7/gems/web-console-3.7.0/lib/web_console/templates/_prompt_box_markup.html.erb within layouts/inlined_string (0.3ms)
  Rendering /Users/daniel/.rvm/gems/ruby-2.3.7/gems/web-console-3.7.0/lib/web_console/templates/style.css.erb within layouts/inlined_string
  Rendered /Users/daniel/.rvm/gems/ruby-2.3.7/gems/web-console-3.7.0/lib/web_console/templates/style.css.erb within layouts/inlined_string (0.3ms)
  Rendered /Users/daniel/.rvm/gems/ruby-2.3.7/gems/web-console-3.7.0/lib/web_console/templates/console.js.erb within layouts/javascript (127.7ms)
  Rendering /Users/daniel/.rvm/gems/ruby-2.3.7/gems/web-console-3.7.0/lib/web_console/templates/main.js.erb within layouts/javascript
  Rendered /Users/daniel/.rvm/gems/ruby-2.3.7/gems/web-console-3.7.0/lib/web_console/templates/main.js.erb within layouts/javascript (0.3ms)
  Rendering /Users/daniel/.rvm/gems/ruby-2.3.7/gems/web-console-3.7.0/lib/web_console/templates/error_page.js.erb within layouts/javascript
  Rendered /Users/daniel/.rvm/gems/ruby-2.3.7/gems/web-console-3.7.0/lib/web_console/templates/error_page.js.erb within layouts/javascript (0.4ms)
  Rendered /Users/daniel/.rvm/gems/ruby-2.3.7/gems/web-console-3.7.0/lib/web_console/templates/index.html.erb (283.3ms)
  Rendering /Users/daniel/.rvm/gems/ruby-2.3.7/gems/web-console-3.7.0/lib/web_console/templates/index.html.erb
  Rendered /Users/daniel/.rvm/gems/ruby-2.3.7/gems/web-console-3.7.0/lib/web_console/templates/_markup.html.erb (0.6ms)
  Rendering /Users/daniel/.rvm/gems/ruby-2.3.7/gems/web-console-3.7.0/lib/web_console/templates/console.js.erb within layouts/javascript
  Rendering /Users/daniel/.rvm/gems/ruby-2.3.7/gems/web-console-3.7.0/lib/web_console/templates/_inner_console_markup.html.erb within layouts/inlined_string
  Rendered /Users/daniel/.rvm/gems/ruby-2.3.7/gems/web-console-3.7.0/lib/web_console/templates/_inner_console_markup.html.erb within layouts/inlined_string (1.3ms)
  Rendering /Users/daniel/.rvm/gems/ruby-2.3.7/gems/web-console-3.7.0/lib/web_console/templates/_prompt_box_markup.html.erb within layouts/inlined_string
  Rendered /Users/daniel/.rvm/gems/ruby-2.3.7/gems/web-console-3.7.0/lib/web_console/templates/_prompt_box_markup.html.erb within layouts/inlined_string (0.3ms)
  Rendering /Users/daniel/.rvm/gems/ruby-2.3.7/gems/web-console-3.7.0/lib/web_console/templates/style.css.erb within layouts/inlined_string
  Rendered /Users/daniel/.rvm/gems/ruby-2.3.7/gems/web-console-3.7.0/lib/web_console/templates/style.css.erb within layouts/inlined_string (0.4ms)
  Rendered /Users/daniel/.rvm/gems/ruby-2.3.7/gems/web-console-3.7.0/lib/web_console/templates/console.js.erb within layouts/javascript (187.8ms)
  Rendering /Users/daniel/.rvm/gems/ruby-2.3.7/gems/web-console-3.7.0/lib/web_console/templates/main.js.erb within layouts/javascript
  Rendered /Users/daniel/.rvm/gems/ruby-2.3.7/gems/web-console-3.7.0/lib/web_console/templates/main.js.erb within layouts/javascript (0.5ms)
  Rendering /Users/daniel/.rvm/gems/ruby-2.3.7/gems/web-console-3.7.0/lib/web_console/templates/error_page.js.erb within layouts/javascript
  Rendered /Users/daniel/.rvm/gems/ruby-2.3.7/gems/web-console-3.7.0/lib/web_console/templates/error_page.js.erb within layouts/javascript (0.6ms)
  Rendered /Users/daniel/.rvm/gems/ruby-2.3.7/gems/web-console-3.7.0/lib/web_console/templates/index.html.erb (357.7ms)
